<?xml version="1.0" encoding="UTF-8"?>
<testsuite xmlns:xsi="http://www.w3.org/2001/XMLSchema-instance" xsi:noNamespaceSchemaLocation="https://maven.apache.org/surefire/maven-surefire-plugin/xsd/surefire-test-report-3.0.xsd" version="3.0" name="TestSuite" time="61.323" tests="1" errors="0" skipped="0" failures="0">
  <properties>
[...]
</properties>
  <testcase name="runScenario[&quot;User can login to the application with valid credentials and&quot;, &quot;Optional[valid user can purchase the men jacket from eCommerce web-site.]&quot;](1)" classname="luma.usa.runnerTest.MyRunner" time="59.5">
    <system-out><![CDATA[The finally statement is executed file is found
Nopackage
On Test StartsrunScenario

@Sanity
Scenario Outline: User can login to the application with valid credentials and                                  # Features/ShoppingCloth.feature:19
The finally statement is executed file is found
 INFO [main] (Hooks.java:16)- >>>>>>>>>>START AUTOMATION<<<<<<<<<<<<<
 INFO [main] (SuperClass.java:50)- >>>>>>>>>>>>>Automation Statrs with Chrome browser <<<<<<<<<<<
 INFO [main] (WebDriverManager.java:966)- Using chromedriver 112.0.5615.49 (resolved driver for Chrome 112)
 INFO [main] (WebDriverManager.java:1021)- Exporting webdriver.chrome.driver as C:\Users\iiuca\.cache\selenium\chromedriver\win32\112.0.5615.49\chromedriver.exe
The finally statement is executed file is found
The finally statement is executed file is found
 INFO [main] (StepDef.java:26)- >>>>>>>>>>>>>user already logged in the application <<<<<<<<<<<
 INFO [main] (ElementPage.java:304)- >>>>>>>>>>>>>user able to login click on in sign in button <<<<<<<<<<<
 INFO [main] (ElementPage.java:306)- >>>>>>>>>>>>>user able to enter the userName <<<<<<<<<<<
 INFO [main] (ElementPage.java:308)- >>>>>>>>>>>>>user able to enter the password <<<<<<<<<<<
 INFO [main] (ElementPage.java:310)- >>>>>>>>>>>>>user able to login the application <<<<<<<<<<<
  Given User already logged in the application and verify the user information on the landing page              # luma.usa.stepdefination.StepDef.user_already_logged_in_the_application_and_verify_the_user_information_on_the_landing_page()
 INFO [main] (StepDef.java:40)- >>>>>>>>>>>>>user able to mousehover the men module <<<<<<<<<<<
 INFO [main] (StepDef.java:45)- >>>>>>>>>>>>>user able to mousehover the tops module <<<<<<<<<<<
 INFO [main] (StepDef.java:50)- >>>>>>>>>>>>>user able to click on jackets module<<<<<<<<<<<
 INFO [main] (StepDef.java:54)- >>>>>>>>>>>>>user able to click on jupitarJacket module<<<<<<<<<<<
  When User should be able to select "Jupiter All-Weather Trainer" jacket from men module                       # luma.usa.stepdefination.StepDef.user_should_be_able_to_select_jacket_from_men_module(java.lang.String)
 INFO [main] (StepDef.java:64)- >>>>>>>>>>>>>user varify the jacket name on screen <<<<<<<<<<<
  And Verify the jacket name on the "Jupiter All-Weather Trainer" list                                          # luma.usa.stepdefination.StepDef.verify_the_jacket_name_on_the_list(java.lang.String)
 INFO [main] (StepDef.java:76)- >>>>>>>>>>>>>user able to select the jacket size<<<<<<<<<<<
 INFO [main] (StepDef.java:80)- >>>>>>>>>>>>>user able to select the jacket color<<<<<<<<<<<
 INFO [main] (StepDef.java:84)- >>>>>>>>>>>>>user able to select the jacket quantity<<<<<<<<<<<
 INFO [main] (StepDef.java:89)- >>>>>>>>>>>>>user able to click on add to cart<<<<<<<<<<<
  And User should be able to select the "M" and "Blue" and "1"then click on the add to cart                     # luma.usa.stepdefination.StepDef.user_should_be_able_to_select_the_and_and_then_click_on_the_add_to_cart(java.lang.String,java.lang.String,java.lang.Integer)
 INFO [main] (StepDef.java:98)- >>>>>>>>>>>>>user able to click on shopping cart<<<<<<<<<<<
 INFO [main] (StepDef.java:103)- >>>>>>>>>>>>>user able to click on proceed to check out<<<<<<<<<<<
  And User should be able to click on the cart and checkout                                                     # luma.usa.stepdefination.StepDef.user_should_be_able_to_click_on_the_cart_and_checkout()
 INFO [main] (StepDef.java:113)- >>>>>>>>>>>>>user able to click on shipping adress<<<<<<<<<<<
 INFO [main] (ElementPage.java:316)- >>>>>>>>>>>>>user able to enter FirstName <<<<<<<<<<<
gohrd
 INFO [main] (ElementPage.java:321)- >>>>>>>>>>>>>user able to enter LastName <<<<<<<<<<<
dxYmc
 INFO [main] (ElementPage.java:326)- >>>>>>>>>>>>>user able to enter company name as orange <<<<<<<<<<<
jydkk
 INFO [main] (ElementPage.java:331)- >>>>>>>>>>>>>user able to enter street Address <<<<<<<<<<<
gECUI
 INFO [main] (ElementPage.java:336)- >>>>>>>>>>>>>user able to select city name <<<<<<<<<<<
HHunu
 INFO [main] (ElementPage.java:347)- >>>>>>>>>>>>>user able to select State name as New York <<<<<<<<<<<
 INFO [main] (ElementPage.java:352)- >>>>>>>>>>>>>user able to enter ZipCode name <<<<<<<<<<<
 INFO [main] (ElementPage.java:358)- >>>>>>>>>>>>>user able to select Country name  <<<<<<<<<<<
 INFO [main] (ElementPage.java:364)- >>>>>>>>>>>>>user able to enter shipper phone number <<<<<<<<<<<
8013213973
 INFO [main] (StepDef.java:119)- >>>>>>>>>>>>>user able to click on shipping adress<<<<<<<<<<<
 INFO [main] (StepDef.java:123)- >>>>>>>>>>>>>user able to enter shipping method<<<<<<<<<<<
 INFO [main] (StepDef.java:127)- >>>>>>>>>>>>>user able to click next<<<<<<<<<<<
  And User should be able to enter the shipping details and click on the Next                                   # luma.usa.stepdefination.StepDef.user_should_be_able_to_enter_the_shipping_details_and_click_on_the_next()
 INFO [main] (StepDef.java:138)- >>>>>>>>>>>>>user able to click on place order<<<<<<<<<<<
 INFO [main] (StepDef.java:144)- >>>>>>>>>>>>>user able to varify order number<<<<<<<<<<<
 INFO [main] (StepDef.java:147)- This is the new order numberYour order number is: 000006409.
  And User should be able to verify the shipping address and place the order                                    # luma.usa.stepdefination.StepDef.user_should_be_able_to_verify_the_shipping_address_and_place_the_order()
Screenshot taken
 INFO [main] (StepDef.java:158)- >>>>>>>>>>>>>user able to varify order number confirmation<<<<<<<<<<<
 INFO [main] (StepDef.java:161)- This is the new order varification numberThank you for your purchase!
  Then User should be able to verify the order number and get text on the screen "Thank you for your purchase!" # luma.usa.stepdefination.StepDef.user_should_be_able_to_verify_the_order_number_and_get_text_on_the_screen(java.lang.String)
 INFO [main] (Hooks.java:22)- >>>>>>>>>>>END AUTOMATION<<<<<<<<<<<<<<
On Test SuccessrunScenario
]]></system-out>
    <system-err><![CDATA[Starting ChromeDriver 112.0.5615.49 (bd2a7bcb881c11e8cfe3078709382934e3916914-refs/branch-heads/5615@{#936}) on port 4383
Only local connections are allowed.
Please see https://chromedriver.chromium.org/security-considerations for suggestions on keeping ChromeDriver safe.
ChromeDriver was started successfully.
Apr 27, 2023 5:27:55 PM org.openqa.selenium.remote.ProtocolHandshake createSession
INFO: Detected dialect: W3C
]]></system-err>
  </testcase>
</testsuite>