<?xml version="1.0" encoding="UTF-8"?>
<testng-results ignored="0" total="1" passed="1" failed="0" skipped="0">
  <reporter-output>
  </reporter-output>
  <suite started-at="2023-04-27T21:27:50Z" name="Suite1" finished-at="2023-04-27T21:28:51Z" duration-ms="60394">
    <groups>
      <group name="cucumber">
        <method signature="AbstractTestNGCucumberTests.runScenario(io.cucumber.testng.PickleWrapper, io.cucumber.testng.FeatureWrapper)[pri:0, instance:luma.usa.runnerTest.MyRunner@4efac082]" name="runScenario" class="io.cucumber.testng.AbstractTestNGCucumberTests"/>
      </group> <!-- cucumber -->
    </groups>
    <test started-at="2023-04-27T21:27:50Z" name="Nopackage" finished-at="2023-04-27T21:28:51Z" duration-ms="60394">
      <class name="luma.usa.runnerTest.MyRunner">
        <test-method is-config="true" signature="setUpClass()[pri:0, instance:luma.usa.runnerTest.MyRunner@4efac082]" started-at="2023-04-27T21:27:50Z" name="setUpClass" finished-at="2023-04-27T21:27:51Z" duration-ms="694" status="PASS">
          <reporter-output>
          </reporter-output>
        </test-method> <!-- setUpClass -->
        <test-method signature="runScenario(io.cucumber.testng.PickleWrapper, io.cucumber.testng.FeatureWrapper)[pri:0, instance:luma.usa.runnerTest.MyRunner@4efac082]" started-at="2023-04-27T21:27:51Z" name="runScenario" description="Runs Cucumber Scenarios" data-provider="scenarios" finished-at="2023-04-27T21:28:50Z" duration-ms="59408" status="PASS">
          <params>
            <param index="0">
              <value>
                <![CDATA["User can login to the application with valid credentials and"]]>
              </value>
            </param>
            <param index="1">
              <value>
                <![CDATA["Optional[valid user can purchase the men jacket from eCommerce web-site.]"]]>
              </value>
            </param>
          </params>
          <reporter-output>
          </reporter-output>
        </test-method> <!-- runScenario -->
        <test-method is-config="true" signature="tearDownClass()[pri:0, instance:luma.usa.runnerTest.MyRunner@4efac082]" started-at="2023-04-27T21:28:50Z" name="tearDownClass" finished-at="2023-04-27T21:28:51Z" duration-ms="191" status="PASS">
          <reporter-output>
          </reporter-output>
        </test-method> <!-- tearDownClass -->
      </class> <!-- luma.usa.runnerTest.MyRunner -->
    </test> <!-- Nopackage -->
  </suite> <!-- Suite1 -->
</testng-results>
