<?xml version="1.0" encoding="UTF-8"?>
<testng-results ignored="0" total="1" passed="1" failed="0" skipped="0">
  <reporter-output>
  </reporter-output>
  <suite started-at="2023-05-07T11:12:43 EDT" name="Suite1" finished-at="2023-05-07T11:14:21 EDT" duration-ms="97397">
    <groups>
      <group name="cucumber">
        <method signature="AbstractTestNGCucumberTests.runScenario(io.cucumber.testng.PickleWrapper,io.cucumber.testng.FeatureWrapper)[pri:0, instance:luma.usa.runnerTest.MyRunner@4d15107f]" name="runScenario" class="io.cucumber.testng.AbstractTestNGCucumberTests"/>
      </group> <!-- cucumber -->
    </groups>
    <test started-at="2023-05-07T11:12:43 EDT" name="Nopackage" finished-at="2023-05-07T11:14:21 EDT" duration-ms="97397">
      <class name="luma.usa.runnerTest.MyRunner">
        <test-method is-config="true" signature="setUpClass()[pri:0, instance:luma.usa.runnerTest.MyRunner@4d15107f]" started-at="2023-05-07T11:12:43 EDT" name="setUpClass" finished-at="2023-05-07T11:12:45 EDT" duration-ms="1957" status="PASS">
          <reporter-output>
          </reporter-output>
        </test-method> <!-- setUpClass -->
        <test-method signature="runScenario(io.cucumber.testng.PickleWrapper,io.cucumber.testng.FeatureWrapper)[pri:0, instance:luma.usa.runnerTest.MyRunner@4d15107f]" started-at="2023-05-07T11:12:45 EDT" name="runScenario" description="Runs Cucumber Scenarios" data-provider="scenarios" finished-at="2023-05-07T11:14:20 EDT" duration-ms="95044" status="PASS">
          <params>
            <param index="0">
              <value>
                <![CDATA["User can login to the application with valid credentials and"]]>
              </value>
            </param>
            <param index="1">
              <value>
                <![CDATA["Optional[valid user can purchase the men jacket from eCommerce web-site.]"]]>
              </value>
            </param>
          </params>
          <reporter-output>
          </reporter-output>
        </test-method> <!-- runScenario -->
        <test-method is-config="true" signature="tearDownClass()[pri:0, instance:luma.usa.runnerTest.MyRunner@4d15107f]" started-at="2023-05-07T11:14:20 EDT" name="tearDownClass" finished-at="2023-05-07T11:14:21 EDT" duration-ms="308" status="PASS">
          <reporter-output>
          </reporter-output>
        </test-method> <!-- tearDownClass -->
      </class> <!-- luma.usa.runnerTest.MyRunner -->
    </test> <!-- Nopackage -->
  </suite> <!-- Suite1 -->
</testng-results>
